<?xml version="1.0" encoding="UTF-8"?>
<testng-results ignored="0" total="3" passed="3" failed="0" skipped="0">
  <reporter-output>
    <line>
      <![CDATA[hello selenium]]>
    </line>
    <line>
      <![CDATA[hello java]]>
    </line>
    <line>
      <![CDATA[hello python]]>
    </line>
  </reporter-output>
  <suite started-at="2022-03-04T17:40:43 IST" name="Suite" finished-at="2022-03-04T17:40:43 IST" duration-ms="206">
    <groups>
    </groups>
    <test started-at="2022-03-04T17:40:43 IST" name="Test" finished-at="2022-03-04T17:40:43 IST" duration-ms="206">
      <class name="demo.Test3">
        <test-method signature="t3()[pri:0, instance:demo.Test3@52102734]" started-at="2022-03-04T17:40:43 IST" name="t3" finished-at="2022-03-04T17:40:43 IST" duration-ms="6" status="PASS">
          <reporter-output>
            <line>
              <![CDATA[hello python]]>
            </line>
          </reporter-output>
        </test-method> <!-- t3 -->
      </class> <!-- demo.Test3 -->
      <class name="demo.Test1">
        <test-method signature="t1()[pri:0, instance:demo.Test1@5939a379]" started-at="2022-03-04T17:40:43 IST" name="t1" finished-at="2022-03-04T17:40:43 IST" duration-ms="35" status="PASS">
          <reporter-output>
            <line>
              <![CDATA[hello selenium]]>
            </line>
          </reporter-output>
        </test-method> <!-- t1 -->
      </class> <!-- demo.Test1 -->
      <class name="demo.Test2">
        <test-method signature="t2()[pri:0, instance:demo.Test2@e1de817]" started-at="2022-03-04T17:40:43 IST" name="t2" finished-at="2022-03-04T17:40:43 IST" duration-ms="3" status="PASS">
          <reporter-output>
            <line>
              <![CDATA[hello java]]>
            </line>
          </reporter-output>
        </test-method> <!-- t2 -->
      </class> <!-- demo.Test2 -->
    </test> <!-- Test -->
  </suite> <!-- Suite -->
</testng-results>
